<?xml version="1.0" encoding="UTF-8" ?>
<testsuite tests="8" failures="0" name="TestSuite" time="24.989" errors="0" skipped="0">
  <properties>
    <property name="java.vendor" value="Oracle Corporation"/>
    <property name="JOB_NAME" value="FreeCRMTestRunner"/>
    <property name="sun.java.launcher" value="SUN_STANDARD"/>
    <property name="NUMBER_OF_PROCESSORS" value="2"/>
    <property name="sun.management.compiler" value="HotSpot Client Compiler"/>
    <property name="JENKINS_HOME" value="C:\Users\Manish Chaudhari\.jenkins"/>
    <property name="HUDSON_SERVER_COOKIE" value="54d557f0f0b8f144"/>
    <property name="POM_ARTIFACTID" value="FreeCRMTestProject"/>
    <property name="os.name" value="Windows 8.1"/>
    <property name="sun.boot.class.path" value="C:\Program Files (x86)\Java\jdk1.8.0_161\jre\lib\resources.jar;C:\Program Files (x86)\Java\jdk1.8.0_161\jre\lib\rt.jar;C:\Program Files (x86)\Java\jdk1.8.0_161\jre\lib\sunrsasign.jar;C:\Program Files (x86)\Java\jdk1.8.0_161\jre\lib\jsse.jar;C:\Program Files (x86)\Java\jdk1.8.0_161\jre\lib\jce.jar;C:\Program Files (x86)\Java\jdk1.8.0_161\jre\lib\charsets.jar;C:\Program Files (x86)\Java\jdk1.8.0_161\jre\lib\jfr.jar;C:\Program Files (x86)\Java\jdk1.8.0_161\jre\classes"/>
    <property name="EXECUTOR_NUMBER" value="1"/>
    <property name="sun.desktop" value="windows"/>
    <property name="PATHEXT" value=".COM;.EXE;.BAT;.CMD;.VBS;.VBE;.JS;.JSE;.WSF;.WSH;.MSC"/>
    <property name="java.vm.specification.vendor" value="Oracle Corporation"/>
    <property name="POM_DISPLAYNAME" value="FreeCRMTestProject"/>
    <property name="NODE_LABELS" value="master"/>
    <property name="TEMP" value="C:\Users\MANISH~1\AppData\Local\Temp"/>
    <property name="java.runtime.version" value="1.8.0_161-b12"/>
    <property name="user.name" value="Manish Chaudhari"/>
    <property name="guice.disable.misplaced.annotation.check" value="true"/>
    <property name="CommonProgramW6432" value="C:\Program Files\Common Files"/>
    <property name="ProgramFiles" value="C:\Program Files (x86)"/>
    <property name="PROMPT" value="$P$G"/>
    <property name="user.language" value="en"/>
    <property name="JOB_BASE_NAME" value="FreeCRMTestRunner"/>
    <property name="RUN_CHANGES_DISPLAY_URL" value="http://localhost:8080/job/FreeCRMTestRunner/16/display/redirect?page=changes"/>
    <property name="BUILD_DISPLAY_NAME" value="#16"/>
    <property name="sun.boot.library.path" value="C:\Program Files (x86)\Java\jdk1.8.0_161\jre\bin"/>
    <property name="LOCALAPPDATA" value="C:\Users\Manish Chaudhari\AppData\Local"/>
    <property name="java.version" value="1.8.0_161"/>
    <property name="PROCESSOR_LEVEL" value="6"/>
    <property name="user.timezone" value="Asia/Calcutta"/>
    <property name="USERNAME" value="Manish Chaudhari"/>
    <property name="sun.arch.data.model" value="32"/>
    <property name="MOZ_PLUGIN_PATH" value="C:\Program Files (x86)\Foxit Software\Foxit PhantomPDF\plugins\"/>
    <property name="NODE_NAME" value="master"/>
    <property name="PROCESSOR_ARCHITEW6432" value="AMD64"/>
    <property name="java.endorsed.dirs" value="C:\Program Files (x86)\Java\jdk1.8.0_161\jre\lib\endorsed"/>
    <property name="BUILD_ID" value="16"/>
    <property name="sun.cpu.isalist" value="pentium_pro+mmx pentium_pro pentium+mmx pentium i486 i386 i86"/>
    <property name="sun.jnu.encoding" value="Cp1252"/>
    <property name="file.encoding.pkg" value="sun.io"/>
    <property name="file.separator" value="\"/>
    <property name="java.specification.name" value="Java Platform API Specification"/>
    <property name="HOMEDRIVE" value="C:"/>
    <property name="maven.conf" value="C:\Users\Manish Chaudhari\.jenkins\tools\hudson.tasks.Maven_MavenInstallation\TestMaven\conf"/>
    <property name="java.class.version" value="52.0"/>
    <property name="=::" value="::\"/>
    <property name="org.slf4j.simpleLogger.defaultLogLevel" value="info"/>
    <property name="user.country" value="US"/>
    <property name="ALLUSERSPROFILE" value="C:\ProgramData"/>
    <property name="java.home" value="C:\Program Files (x86)\Java\jdk1.8.0_161\jre"/>
    <property name="java.vm.info" value="mixed mode, sharing"/>
    <property name="os.version" value="6.3"/>
    <property name="=ExitCode" value="00000001"/>
    <property name="RUN_DISPLAY_URL" value="http://localhost:8080/job/FreeCRMTestRunner/16/display/redirect"/>
    <property name="POM_VERSION" value="0.0.1-SNAPSHOT"/>
    <property name="TMP" value="C:\Users\MANISH~1\AppData\Local\Temp"/>
    <property name="path.separator" value=";"/>
    <property name="java.vm.version" value="25.161-b12"/>
    <property name="user.variant" value=""/>
    <property name="JOB_DISPLAY_URL" value="http://localhost:8080/job/FreeCRMTestRunner/display/redirect"/>
    <property name="CommonProgramFiles(x86)" value="C:\Program Files (x86)\Common Files"/>
    <property name="USERDOMAIN_ROAMINGPROFILE" value="Manish"/>
    <property name="java.awt.printerjob" value="sun.awt.windows.WPrinterJob"/>
    <property name="FP_NO_HOST_CHECK" value="NO"/>
    <property name="sun.io.unicode.encoding" value="UnicodeLittle"/>
    <property name="CommonProgramFiles" value="C:\Program Files (x86)\Common Files"/>
    <property name="ComSpec" value="C:\Windows\system32\cmd.exe"/>
    <property name="HOMEPATH" value="\Users\Manish Chaudhari"/>
    <property name="awt.toolkit" value="sun.awt.windows.WToolkit"/>
    <property name="POM_PACKAGING" value="jar"/>
    <property name="user.script" value=""/>
    <property name="COMPUTERNAME" value="MANISH"/>
    <property name="POM_GROUPID" value="FreeCRMTestProject"/>
    <property name="user.home" value="C:\Users\Manish Chaudhari"/>
    <property name="PUBLIC" value="C:\Users\Public"/>
    <property name="BUILD_TAG" value="jenkins-FreeCRMTestRunner-16"/>
    <property name="JENKINS_SERVER_COOKIE" value="54d557f0f0b8f144"/>
    <property name="=E:" value="E:\Tools"/>
    <property name="HUDSON_URL" value="http://localhost:8080/"/>
    <property name="ProgramData" value="C:\ProgramData"/>
    <property name="java.specification.vendor" value="Oracle Corporation"/>
    <property name="USERPROFILE" value="C:\Users\Manish Chaudhari"/>
    <property name="CLASSPATH" value=""/>
    <property name="java.vendor.url" value="http://java.oracle.com/"/>
    <property name="java.library.path" value="C:\Program Files (x86)\Java\jdk1.8.0_161\bin;C:\Windows\Sun\Java\bin;C:\Windows\system32;C:\Windows;C:\Users\Manish Chaudhari\.jenkins\tools\hudson.tasks.Maven_MavenInstallation\TestMaven/bin;C:\app\Manish Chaudhari\product\11.1.0\db_2\bin;C:\app\Manish Chaudhari\product\11.1.0\db_1\bin;C:\Windows\system32;C:\Windows;C:\Windows\System32\Wbem;C:\Windows\System32\WindowsPowerShell\v1.0\;C:\Program Files\Java\jdk1.7.0_09\bin;C:\Program Files\Java\jre1.8.0_151\bin;C:\Program Files\Git\cmd;C:\Users\Manish Chaudhari\AppData\Local\Programs\Python\Python37-32\Scripts\;C:\Users\Manish Chaudhari\AppData\Local\Programs\Python\Python37-32\;C:\Program Files (x86)\Java\jdk1.8.0_161\bin;."/>
    <property name="java.vm.vendor" value="Oracle Corporation"/>
    <property name="APPDATA" value="C:\Users\Manish Chaudhari\AppData\Roaming"/>
    <property name="java.runtime.name" value="Java(TM) SE Runtime Environment"/>
    <property name="maven.home" value="C:\Users\Manish Chaudhari\.jenkins\tools\hudson.tasks.Maven_MavenInstallation\TestMaven"/>
    <property name="java.class.path" value="C:\Users\Manish Chaudhari\.jenkins\plugins\maven-plugin\WEB-INF\lib\maven35-agent-1.12.jar;C:\Users\Manish Chaudhari\.jenkins\tools\hudson.tasks.Maven_MavenInstallation\TestMaven\boot\plexus-classworlds-2.5.2.jar;C:\Users\Manish Chaudhari\.jenkins\tools\hudson.tasks.Maven_MavenInstallation\TestMaven/conf/logging"/>
    <property name="sun.java.command" value="jenkins.maven3.agent.Maven35Main C:\Users\Manish Chaudhari\.jenkins\tools\hudson.tasks.Maven_MavenInstallation\TestMaven C:\Users\Manish Chaudhari\.jenkins\war\WEB-INF\lib\remoting-3.25.jar C:\Users\Manish Chaudhari\.jenkins\plugins\maven-plugin\WEB-INF\lib\maven35-interceptor-1.12.jar C:\Users\Manish Chaudhari\.jenkins\plugins\maven-plugin\WEB-INF\lib\maven3-interceptor-commons-1.12.jar 62514"/>
    <property name="Path" value="C:\app\Manish Chaudhari\product\11.1.0\db_2\bin;C:\app\Manish Chaudhari\product\11.1.0\db_1\bin;C:\Windows\system32;C:\Windows;C:\Windows\System32\Wbem;C:\Windows\System32\WindowsPowerShell\v1.0\;C:\Program Files\Java\jdk1.7.0_09\bin;C:\Program Files\Java\jre1.8.0_151\bin;C:\Program Files\Git\cmd;C:\Users\Manish Chaudhari\AppData\Local\Programs\Python\Python37-32\Scripts\;C:\Users\Manish Chaudhari\AppData\Local\Programs\Python\Python37-32\;C:\Program Files (x86)\Java\jdk1.8.0_161\bin"/>
    <property name="java.vm.specification.name" value="Java Virtual Machine Specification"/>
    <property name="PROCESSOR_ARCHITECTURE" value="x86"/>
    <property name="PROCESSOR_IDENTIFIER" value="Intel64 Family 6 Model 58 Stepping 9, GenuineIntel"/>
    <property name="SESSIONNAME" value="Console"/>
    <property name="java.vm.specification.version" value="1.8"/>
    <property name="sun.os.patch.level" value=""/>
    <property name="sun.cpu.endian" value="little"/>
    <property name="M2_HOME" value="C:\Users\Manish Chaudhari\.jenkins\tools\hudson.tasks.Maven_MavenInstallation\TestMaven"/>
    <property name="java.io.tmpdir" value="C:\Users\MANISH~1\AppData\Local\Temp\"/>
    <property name="OS" value="Windows_NT"/>
    <property name="HUDSON_HOME" value="C:\Users\Manish Chaudhari\.jenkins"/>
    <property name="PATH+MAVEN" value="C:\Users\Manish Chaudhari\.jenkins\tools\hudson.tasks.Maven_MavenInstallation\TestMaven/bin"/>
    <property name="ProgramFiles(x86)" value="C:\Program Files (x86)"/>
    <property name="BUILD_URL" value="http://localhost:8080/job/FreeCRMTestRunner/16/"/>
    <property name="java.vendor.url.bug" value="http://bugreport.sun.com/bugreport/"/>
    <property name="java.awt.graphicsenv" value="sun.awt.Win32GraphicsEnvironment"/>
    <property name="os.arch" value="x86"/>
    <property name="SystemRoot" value="C:\Windows"/>
    <property name="java.ext.dirs" value="C:\Program Files (x86)\Java\jdk1.8.0_161\jre\lib\ext;C:\Windows\Sun\Java\lib\ext"/>
    <property name="user.dir" value="E:\Automation\POM\FreeCRMTestProject"/>
    <property name="JOB_URL" value="http://localhost:8080/job/FreeCRMTestRunner/"/>
    <property name="LOGONSERVER" value="\\MANISH"/>
    <property name="USERDOMAIN" value="Manish"/>
    <property name="line.separator" value="
"/>
    <property name="MAVEN_HOME" value="C:\Users\Manish Chaudhari\.jenkins\tools\hudson.tasks.Maven_MavenInstallation\TestMaven"/>
    <property name="java.vm.name" value="Java HotSpot(TM) Client VM"/>
    <property name="BUILD_NUMBER" value="16"/>
    <property name="JENKINS_URL" value="http://localhost:8080/"/>
    <property name="PROCESSOR_REVISION" value="3a09"/>
    <property name="ProgramW6432" value="C:\Program Files"/>
    <property name="windir" value="C:\Windows"/>
    <property name="=C:" value="C:\Users\Manish Chaudhari"/>
    <property name="file.encoding" value="Cp1252"/>
    <property name="SystemDrive" value="C:"/>
    <property name="maven3.interceptor" value="C:\Users\Manish Chaudhari\.jenkins\plugins\maven-plugin\WEB-INF\lib\maven35-interceptor-1.12.jar"/>
    <property name="WORKSPACE" value="C:\Users\Manish Chaudhari\.jenkins\workspace\FreeCRMTestRunner"/>
    <property name="maven3.interceptor.common" value="C:\Users\Manish Chaudhari\.jenkins\plugins\maven-plugin\WEB-INF\lib\maven3-interceptor-commons-1.12.jar"/>
    <property name="java.specification.version" value="1.8"/>
    <property name="PSModulePath" value="C:\Windows\system32\WindowsPowerShell\v1.0\Modules\"/>
  </properties>
  <testcase classname="com.crm.a.testcases.ContactsPageTest" name="contactsPageLable" time="1.509"/>
  <testcase classname="com.crm.a.testcases.HomePageTest" name="verifyHomePageTitleTest" time="1.779"/>
  <testcase classname="com.crm.a.testcases.LoginPageTest" name="loginPageTitleTest" time="0.051"/>
  <testcase classname="com.crm.a.testcases.ContactsPageTest" name="selectContactsTest" time="1.569"/>
  <testcase classname="com.crm.a.testcases.HomePageTest" name="verifyUserNameTest" time="9.653"/>
  <testcase classname="com.crm.a.testcases.LoginPageTest" name="CRMLogoImageTest" time="0.173"/>
  <testcase classname="com.crm.a.testcases.HomePageTest" name="verifyContactLink" time="8.76"/>
  <testcase classname="com.crm.a.testcases.LoginPageTest" name="loginTest" time="1.495"/>
</testsuite>