<?xml version="1.0" encoding="UTF-8"?>
<!-- Generated by org.testng.reporters.JUnitReportReporter -->
<testsuite hostname="Manish" name="com.crm.a.testcases.ContactsPageTest" tests="2" failures="0" timestamp="15 Dec 2018 04:22:33 GMT" time="68.202" errors="0">
  <testcase name="selectContactsTest" time="36.796" classname="com.crm.a.testcases.ContactsPageTest"/>
  <testcase name="contactsPageLable" time="31.406" classname="com.crm.a.testcases.ContactsPageTest"/>
</testsuite> <!-- com.crm.a.testcases.ContactsPageTest -->
