<?xml version="1.0" encoding="UTF-8"?>
<!-- Generated by org.testng.reporters.JUnitReportReporter -->
<testsuite hostname="Manish" name="com.crm.a.testcases.HomePageTest" tests="3" failures="0" timestamp="6 Dec 2018 17:37:12 GMT" time="107.545" errors="0">
  <testcase name="verifyUserNameTest" time="48.756" classname="com.crm.a.testcases.HomePageTest"/>
  <testcase name="verifyContactLink" time="29.547" classname="com.crm.a.testcases.HomePageTest"/>
  <testcase name="verifyHomePageTitleTest" time="29.242" classname="com.crm.a.testcases.HomePageTest"/>
</testsuite> <!-- com.crm.a.testcases.HomePageTest -->
