<?xml version="1.0" encoding="UTF-8"?>
<!-- Generated by org.testng.reporters.JUnitReportReporter -->
<testsuite hostname="Manish" name="com.crm.a.testcases.LoginPageTest" tests="3" failures="0" timestamp="4 Dec 2018 17:18:56 GMT" time="101.114" errors="0">
  <testcase name="loginPageTitleTest" time="37.857" classname="com.crm.a.testcases.LoginPageTest"/>
  <testcase name="loginTest" time="32.604" classname="com.crm.a.testcases.LoginPageTest"/>
  <testcase name="CRMLogoImageTest" time="30.653" classname="com.crm.a.testcases.LoginPageTest"/>
</testsuite> <!-- com.crm.a.testcases.LoginPageTest -->
