<?xml version="1.0" encoding="UTF-8"?>
<!-- Generated by org.testng.reporters.JUnitReportReporter -->
<testsuite hostname="Manish" name="com.crm.a.testcases.HomePageTest" tests="3" failures="0" timestamp="20 Dec 2018 17:05:49 GMT" time="93.672" errors="0">
  <testcase name="verifyHomePageTitleTest" time="26.144" classname="com.crm.a.testcases.HomePageTest"/>
  <testcase name="verifyContactLink" time="32.163" classname="com.crm.a.testcases.HomePageTest"/>
  <testcase name="verifyUserNameTest" time="35.365" classname="com.crm.a.testcases.HomePageTest"/>
</testsuite> <!-- com.crm.a.testcases.HomePageTest -->
