<?xml version="1.0" encoding="UTF-8"?>
<!-- Generated by org.testng.reporters.JUnitReportReporter -->
<testsuite hostname="Manish" name="com.crm.a.testcases.ContactsPageTest" tests="2" failures="0" timestamp="20 Dec 2018 17:05:49 GMT" time="72.711" errors="0">
  <testcase name="selectContactsTest" time="35.502" classname="com.crm.a.testcases.ContactsPageTest"/>
  <testcase name="contactsPageLable" time="37.209" classname="com.crm.a.testcases.ContactsPageTest"/>
</testsuite> <!-- com.crm.a.testcases.ContactsPageTest -->
