<?xml version="1.0" encoding="UTF-8"?>
<!-- Generated by org.testng.reporters.JUnitReportReporter -->
<testsuite hostname="Manish" name="com.crm.a.testcases.LoginPageTest" tests="3" failures="0" timestamp="20 Dec 2018 17:05:49 GMT" time="65.752" errors="0">
  <testcase name="loginTest" time="22.093" classname="com.crm.a.testcases.LoginPageTest"/>
  <testcase name="loginPageTitleTest" time="22.628" classname="com.crm.a.testcases.LoginPageTest"/>
  <testcase name="CRMLogoImageTest" time="21.031" classname="com.crm.a.testcases.LoginPageTest"/>
</testsuite> <!-- com.crm.a.testcases.LoginPageTest -->
